<?xml version="1.0" encoding="UTF-8"?>
<testng-results ignored="0" total="1" passed="1" failed="0" skipped="0">
  <reporter-output>
  </reporter-output>
  <suite started-at="2023-12-28T21:58:41 EET" name="Default suite" finished-at="2023-12-28T21:58:52 EET" duration-ms="10518">
    <groups>
    </groups>
    <test started-at="2023-12-28T21:58:41 EET" name="Default test" finished-at="2023-12-28T21:58:52 EET" duration-ms="10518">
      <class name="com.qa.Testcase.AddToCartTest">
        <test-method is-config="true" signature="setup()[pri:0, instance:com.qa.Testcase.AddToCartTest@5e600dd5]" started-at="2023-12-28T21:58:41 EET" name="setup" finished-at="2023-12-28T21:58:49 EET" duration-ms="7920" status="PASS">
          <reporter-output>
          </reporter-output>
        </test-method> <!-- setup -->
        <test-method signature="AddToCart()[pri:0, instance:com.qa.Testcase.AddToCartTest@5e600dd5]" started-at="2023-12-28T21:58:49 EET" name="AddToCart" finished-at="2023-12-28T21:58:52 EET" duration-ms="2571" status="PASS">
          <reporter-output>
          </reporter-output>
        </test-method> <!-- AddToCart -->
      </class> <!-- com.qa.Testcase.AddToCartTest -->
    </test> <!-- Default test -->
  </suite> <!-- Default suite -->
</testng-results>
